<?xml version="1.0" encoding="UTF-8"?>
<!-- Generated by org.testng.reporters.JUnitXMLReporter -->
<testsuite ignored="0" hostname="DESKTOP-1FNEF2A" failures="0" tests="8" name="demo Test" time="46.519" errors="0" timestamp="2022-09-30T13:00:34 IST">
  <testcase classname="TestNG_TEST.test_3" name="@BeforeMethod Browseropen" time="7.184">
    <failure type="org.openqa.selenium.WebDriverException" message="unknown error: cannot determine loading status
from disconnected: received Inspector.detached event
  (Session info: chrome=105.0.5195.127)
Build info: version: &amp;apos;4.4.0&amp;apos;, revision: &amp;apos;e5c75ed026a&amp;apos;
System info: host: &amp;apos;DESKTOP-1FNEF2A&amp;apos;, ip: &amp;apos;192.168.82.67&amp;apos;, os.name: &amp;apos;Windows 10&amp;apos;, os.arch: &amp;apos;amd64&amp;apos;, os.version: &amp;apos;10.0&amp;apos;, java.version: &amp;apos;18.0.1.1&amp;apos;
Driver info: org.openqa.selenium.chrome.ChromeDriver
Command: [2c54217a753718a47c8971c48828fa68, get {url=https://www.facebook.com/}]
Capabilities {acceptInsecureCerts: false, browserName: chrome, browserVersion: 105.0.5195.127, chrome: {chromedriverVersion: 105.0.5195.19 (b9c217c128c1..., userDataDir: C:\Users\TECHNO~1\AppData\L...}, goog:chromeOptions: {debuggerAddress: localhost:62592}, networkConnectionEnabled: false, pageLoadStrategy: normal, platformName: WINDOWS, proxy: Proxy(), se:cdp: ws://localhost:62592/devtoo..., se:cdpVersion: 105.0.5195.127, setWindowRect: true, strictFileInteractability: false, timeouts: {implicit: 0, pageLoad: 300000, script: 30000}, unhandledPromptBehavior: dismiss and notify, webauthn:extension:credBlob: true, webauthn:extension:largeBlob: true, webauthn:virtualAuthenticators: true}
Session ID: 2c54217a753718a47c8971c48828fa68">
      <![CDATA[org.openqa.selenium.WebDriverException: unknown error: cannot determine loading status
from disconnected: received Inspector.detached event
  (Session info: chrome=105.0.5195.127)
Build info: version: '4.4.0', revision: 'e5c75ed026a'
System info: host: 'DESKTOP-1FNEF2A', ip: '192.168.82.67', os.name: 'Windows 10', os.arch: 'amd64', os.version: '10.0', java.version: '18.0.1.1'
Driver info: org.openqa.selenium.chrome.ChromeDriver
Command: [2c54217a753718a47c8971c48828fa68, get {url=https://www.facebook.com/}]
Capabilities {acceptInsecureCerts: false, browserName: chrome, browserVersion: 105.0.5195.127, chrome: {chromedriverVersion: 105.0.5195.19 (b9c217c128c1..., userDataDir: C:\Users\TECHNO~1\AppData\L...}, goog:chromeOptions: {debuggerAddress: localhost:62592}, networkConnectionEnabled: false, pageLoadStrategy: normal, platformName: WINDOWS, proxy: Proxy(), se:cdp: ws://localhost:62592/devtoo..., se:cdpVersion: 105.0.5195.127, setWindowRect: true, strictFileInteractability: false, timeouts: {implicit: 0, pageLoad: 300000, script: 30000}, unhandledPromptBehavior: dismiss and notify, webauthn:extension:credBlob: true, webauthn:extension:largeBlob: true, webauthn:virtualAuthenticators: true}
Session ID: 2c54217a753718a47c8971c48828fa68
at org.openqa.selenium.remote.codec.w3c.W3CHttpResponseCodec.createException(W3CHttpResponseCodec.java:200)
at org.openqa.selenium.remote.codec.w3c.W3CHttpResponseCodec.decode(W3CHttpResponseCodec.java:133)
at org.openqa.selenium.remote.codec.w3c.W3CHttpResponseCodec.decode(W3CHttpResponseCodec.java:53)
at org.openqa.selenium.remote.HttpCommandExecutor.execute(HttpCommandExecutor.java:184)
at org.openqa.selenium.remote.service.DriverCommandExecutor.invokeExecute(DriverCommandExecutor.java:167)
at org.openqa.selenium.remote.service.DriverCommandExecutor.execute(DriverCommandExecutor.java:142)
at org.openqa.selenium.remote.RemoteWebDriver.execute(RemoteWebDriver.java:547)
at org.openqa.selenium.remote.RemoteWebDriver.get(RemoteWebDriver.java:310)
at TestNG_TEST.test_3.Browseropen(test_3.java:19)
at java.base/java.util.ArrayList.forEach(ArrayList.java:1511)
... Removed 32 stack frames]]>
    </failure>
  </testcase> <!-- @BeforeMethod Browseropen -->
  <testcase classname="TestNG_TEST.test_3" name="@AfterMethod tearDown" time="-1.664523034611E9">
    <skipped/>
  </testcase> <!-- @AfterMethod tearDown -->
  <testcase classname="TestNG_TEST.test_3" name="@BeforeMethod Browseropen" time="-1.664523034615E9">
    <skipped/>
  </testcase> <!-- @BeforeMethod Browseropen -->
  <testcase classname="TestNG_TEST.test_3" name="@AfterMethod tearDown" time="-1.664523034625E9">
    <skipped/>
  </testcase> <!-- @AfterMethod tearDown -->
  <testcase classname="TestNG_TEST.test_4" name="m1" time="0.028"/>
  <testcase classname="TestNG_TEST.test_4" name="m2" time="0.002"/>
  <testcase classname="TestNG_TEST.test_4" name="m3" time="0.004"/>
  <testcase classname="TestNG_TEST.test_4" name="m4" time="0.002"/>
  <testcase classname="TestNG_TEST.test_4" name="m5" time="0.003"/>
  <testcase classname="TestNG_TEST.test_3" name="test_verifyloginpage1" time="2.849"/>
  <testcase classname="TestNG_TEST.test_3" name="test_verifyloginpage2" time="0.0">
    <skipped/>
  </testcase> <!-- test_verifyloginpage2 -->
  <testcase classname="TestNG_TEST.test_3" name="test_verifyloginpage3" time="0.0">
    <skipped/>
  </testcase> <!-- test_verifyloginpage3 -->
</testsuite> <!-- demo Test -->
